This is pdfTeX, Version 3.14159265-2.6-1.40.20 (TeX Live 2019/W32TeX) (preloaded format=pdflatex 2020.1.21)  24 MAY 2021 23:28
entering extended mode
 restricted \write18 enabled.
 %&-line parsing enabled.
**9_attachment.tex
(./9_attachment.tex
LaTeX2e <2018-12-01>
! Undefined control sequence.
l.1 \phantomsection
                   
The control sequence at the end of the top line
of your error message was never \def'ed. If you have
misspelled it (e.g., `\hobx'), type `I' and the correct
spelling (e.g., `I\hbox'). Otherwise just continue,
and I'll forget about whatever was undefined.

! Undefined control sequence.
l.3 \section
            *{–ü—Ä–∏–ª–æ–∂–µ–Ω–∏—è}
The control sequence at the end of the top line
of your error message was never \def'ed. If you have
misspelled it (e.g., `\hobx'), type `I' and the correct
spelling (e.g., `I\hbox'). Otherwise just continue,
and I'll forget about whatever was undefined.


! LaTeX Error: Missing \begin{document}.

See the LaTeX manual or LaTeX Companion for explanation.
Type  H <return>  for immediate help.
 ...                                              
                                                  
l.3 \section*
             {–ü—Ä–∏–ª–æ–∂–µ–Ω–∏—è}
You're in trouble here.  Try typing  <return>  to proceed.
If that doesn't work, type  X <return>  to quit.

Missing character: There is no * in font nullfont!

! Package inputenc Error: Unicode character –ü (U+041F)
(inputenc)                not set up for use with LaTeX.

See the inputenc package documentation for explanation.
Type  H <return>  for immediate help.
 ...                                              
                                                  
l.3 \section*{–ü
                —Ä–∏–ª–æ–∂–µ–Ω–∏—è}
You may provide a definition with
\DeclareUnicodeCharacter 


! Package inputenc Error: Unicode character —Ä (U+0440)
(inputenc)                not set up for use with LaTeX.

See the inputenc package documentation for explanation.
Type  H <return>  for immediate help.
 ...                                              
                                                  
l.3 \section*{–ü—Ä
                  –∏–ª–æ–∂–µ–Ω–∏—è}
You may provide a definition with
\DeclareUnicodeCharacter 


! Package inputenc Error: Unicode character –∏ (U+0438)
(inputenc)                not set up for use with LaTeX.

See the inputenc package documentation for explanation.
Type  H <return>  for immediate help.
 ...                                              
                                                  
l.3 \section*{–ü—Ä–∏
                    –ª–æ–∂–µ–Ω–∏—è}
You may provide a definition with
\DeclareUnicodeCharacter 


! Package inputenc Error: Unicode character –ª (U+043B)
(inputenc)                not set up for use with LaTeX.

See the inputenc package documentation for explanation.
Type  H <return>  for immediate help.
 ...                                              
                                                  
l.3 \section*{–ü—Ä–∏–ª
                      –æ–∂–µ–Ω–∏—è}
You may provide a definition with
\DeclareUnicodeCharacter 


! Package inputenc Error: Unicode character –æ (U+043E)
(inputenc)                not set up for use with LaTeX.

See the inputenc package documentation for explanation.
Type  H <return>  for immediate help.
 ...                                              
                                                  
l.3 \section*{–ü—Ä–∏–ª–æ
                        –∂–µ–Ω–∏—è}
You may provide a definition with
\DeclareUnicodeCharacter 


! Package inputenc Error: Unicode character –∂ (U+0436)
(inputenc)                not set up for use with LaTeX.

See the inputenc package documentation for explanation.
Type  H <return>  for immediate help.
 ...                                              
                                                  
l.3 \section*{–ü—Ä–∏–ª–æ–∂
                          –µ–Ω–∏—è}
You may provide a definition with
\DeclareUnicodeCharacter 


! Package inputenc Error: Unicode character –µ (U+0435)
(inputenc)                not set up for use with LaTeX.

See the inputenc package documentation for explanation.
Type  H <return>  for immediate help.
 ...                                              
                                                  
l.3 \section*{–ü—Ä–∏–ª–æ–∂–µ
                            –Ω–∏—è}
You may provide a definition with
\DeclareUnicodeCharacter 


! Package inputenc Error: Unicode character –Ω (U+043D)
(inputenc)                not set up for use with LaTeX.

See the inputenc package documentation for explanation.
Type  H <return>  for immediate help.
 ...                                              
                                                  
l.3 \section*{–ü—Ä–∏–ª–æ–∂–µ–Ω
                              –∏—è}
You may provide a definition with
\DeclareUnicodeCharacter 


! Package inputenc Error: Unicode character –∏ (U+0438)
(inputenc)                not set up for use with LaTeX.

See the inputenc package documentation for explanation.
Type  H <return>  for immediate help.
 ...                                              
                                                  
l.3 \section*{–ü—Ä–∏–ª–æ–∂–µ–Ω–∏
                                —è}
You may provide a definition with
\DeclareUnicodeCharacter 


! Package inputenc Error: Unicode character —è (U+044F)
(inputenc)                not set up for use with LaTeX.

See the inputenc package documentation for explanation.
Type  H <return>  for immediate help.
 ...                                              
                                                  
l.3 \section*{–ü—Ä–∏–ª–æ–∂–µ–Ω–∏—è
                                  }
You may provide a definition with
\DeclareUnicodeCharacter 


! Package inputenc Error: Unicode character –† (U+0420)
(inputenc)                not set up for use with LaTeX.

See the inputenc package documentation for explanation.
Type  H <return>  for immediate help.
 ...                                              
                                                  
l.4 ...¥–ª—è –º–æ–¥–µ–ª—å–Ω—ã—Ö –ø—Ä–∏–º–µ—Ä–æ–≤.}
                                                  
You may provide a definition with
\DeclareUnicodeCharacter 


! Package inputenc Error: Unicode character –µ (U+0435)
(inputenc)                not set up for use with LaTeX.

See the inputenc package documentation for explanation.
Type  H <return>  for immediate help.
 ...                                              
                                                  
l.4 ...¥–ª—è –º–æ–¥–µ–ª—å–Ω—ã—Ö –ø—Ä–∏–º–µ—Ä–æ–≤.}
                                                  
You may provide a definition with
\DeclareUnicodeCharacter 


! Package inputenc Error: Unicode character –∞ (U+0430)
(inputenc)                not set up for use with LaTeX.

See the inputenc package documentation for explanation.
Type  H <return>  for immediate help.
 ...                                              
                                                  
l.4 ...¥–ª—è –º–æ–¥–µ–ª—å–Ω—ã—Ö –ø—Ä–∏–º–µ—Ä–æ–≤.}
                                                  
You may provide a definition with
\DeclareUnicodeCharacter 


! Package inputenc Error: Unicode character –ª (U+043B)
(inputenc)                not set up for use with LaTeX.

See the inputenc package documentation for explanation.
Type  H <return>  for immediate help.
 ...                                              
                                                  
l.4 ...¥–ª—è –º–æ–¥–µ–ª—å–Ω—ã—Ö –ø—Ä–∏–º–µ—Ä–æ–≤.}
                                                  
You may provide a definition with
\DeclareUnicodeCharacter 


! Package inputenc Error: Unicode character –∏ (U+0438)
(inputenc)                not set up for use with LaTeX.

See the inputenc package documentation for explanation.
Type  H <return>  for immediate help.
 ...                                              
                                                  
l.4 ...¥–ª—è –º–æ–¥–µ–ª—å–Ω—ã—Ö –ø—Ä–∏–º–µ—Ä–æ–≤.}
                                                  
You may provide a definition with
\DeclareUnicodeCharacter 


! Package inputenc Error: Unicode character –∑ (U+0437)
(inputenc)                not set up for use with LaTeX.

See the inputenc package documentation for explanation.
Type  H <return>  for immediate help.
 ...                                              
                                                  
l.4 ...¥–ª—è –º–æ–¥–µ–ª—å–Ω—ã—Ö –ø—Ä–∏–º–µ—Ä–æ–≤.}
                                                  
You may provide a definition with
\DeclareUnicodeCharacter 


! Package inputenc Error: Unicode character –∞ (U+0430)
(inputenc)                not set up for use with LaTeX.

See the inputenc package documentation for explanation.
Type  H <return>  for immediate help.
 ...                                              
                                                  
l.4 ...¥–ª—è –º–æ–¥–µ–ª—å–Ω—ã—Ö –ø—Ä–∏–º–µ—Ä–æ–≤.}
                                                  
You may provide a definition with
\DeclareUnicodeCharacter 


! Package inputenc Error: Unicode character —Ü (U+0446)
(inputenc)                not set up for use with LaTeX.

See the inputenc package documentation for explanation.
Type  H <return>  for immediate help.
 ...                                              
                                                  
l.4 ...¥–ª—è –º–æ–¥–µ–ª—å–Ω—ã—Ö –ø—Ä–∏–º–µ—Ä–æ–≤.}
                                                  
You may provide a definition with
\DeclareUnicodeCharacter 


! Package inputenc Error: Unicode character –∏ (U+0438)
(inputenc)                not set up for use with LaTeX.

See the inputenc package documentation for explanation.
Type  H <return>  for immediate help.
 ...                                              
                                                  
l.4 ...¥–ª—è –º–æ–¥–µ–ª—å–Ω—ã—Ö –ø—Ä–∏–º–µ—Ä–æ–≤.}
                                                  
You may provide a definition with
\DeclareUnicodeCharacter 


! Package inputenc Error: Unicode character —è (U+044F)
(inputenc)                not set up for use with LaTeX.

See the inputenc package documentation for explanation.
Type  H <return>  for immediate help.
 ...                                              
                                                  
l.4 ...¥–ª—è –º–æ–¥–µ–ª—å–Ω—ã—Ö –ø—Ä–∏–º–µ—Ä–æ–≤.}
                                                  
You may provide a definition with
\DeclareUnicodeCharacter 


! Package inputenc Error: Unicode character —Ä (U+0440)
(inputenc)                not set up for use with LaTeX.

See the inputenc package documentation for explanation.
Type  H <return>  for immediate help.
 ...                                              
                                                  
l.4 ...¥–ª—è –º–æ–¥–µ–ª—å–Ω—ã—Ö –ø—Ä–∏–º–µ—Ä–æ–≤.}
                                                  
You may provide a definition with
\DeclareUnicodeCharacter 


! Package inputenc Error: Unicode character –µ (U+0435)
(inputenc)                not set up for use with LaTeX.

See the inputenc package documentation for explanation.
Type  H <return>  for immediate help.
 ...                                              
                                                  
l.4 ...¥–ª—è –º–æ–¥–µ–ª—å–Ω—ã—Ö –ø—Ä–∏–º–µ—Ä–æ–≤.}
                                                  
You may provide a definition with
\DeclareUnicodeCharacter 


! Package inputenc Error: Unicode character –≥ (U+0433)
(inputenc)                not set up for use with LaTeX.

See the inputenc package documentation for explanation.
Type  H <return>  for immediate help.
 ...                                              
                                                  
l.4 ...¥–ª—è –º–æ–¥–µ–ª—å–Ω—ã—Ö –ø—Ä–∏–º–µ—Ä–æ–≤.}
                                                  
You may provide a definition with
\DeclareUnicodeCharacter 


! Package inputenc Error: Unicode character —É (U+0443)
(inputenc)                not set up for use with LaTeX.

See the inputenc package documentation for explanation.
Type  H <return>  for immediate help.
 ...                                              
                                                  
l.4 ...¥–ª—è –º–æ–¥–µ–ª—å–Ω—ã—Ö –ø—Ä–∏–º–µ—Ä–æ–≤.}
                                                  
You may provide a definition with
\DeclareUnicodeCharacter 


! Package inputenc Error: Unicode character –ª (U+043B)
(inputenc)                not set up for use with LaTeX.

See the inputenc package documentation for explanation.
Type  H <return>  for immediate help.
 ...                                              
                                                  
l.4 ...¥–ª—è –º–æ–¥–µ–ª—å–Ω—ã—Ö –ø—Ä–∏–º–µ—Ä–æ–≤.}
                                                  
You may provide a definition with
\DeclareUnicodeCharacter 


! Package inputenc Error: Unicode character —è (U+044F)
(inputenc)                not set up for use with LaTeX.

See the inputenc package documentation for explanation.
Type  H <return>  for immediate help.
 ...                                              
                                                  
l.4 ...¥–ª—è –º–æ–¥–µ–ª—å–Ω—ã—Ö –ø—Ä–∏–º–µ—Ä–æ–≤.}
                                                  
You may provide a definition with
\DeclareUnicodeCharacter 


! Package inputenc Error: Unicode character —Ä (U+0440)
(inputenc)                not set up for use with LaTeX.

See the inputenc package documentation for explanation.
Type  H <return>  for immediate help.
 ...                                              
                                                  
l.4 ...¥–ª—è –º–æ–¥–µ–ª—å–Ω—ã—Ö –ø—Ä–∏–º–µ—Ä–æ–≤.}
                                                  
You may provide a definition with
\DeclareUnicodeCharacter 


! Package inputenc Error: Unicode character –∏ (U+0438)
(inputenc)                not set up for use with LaTeX.

See the inputenc package documentation for explanation.
Type  H <return>  for immediate help.
 ...                                              
                                                  
l.4 ...¥–ª—è –º–æ–¥–µ–ª—å–Ω—ã—Ö –ø—Ä–∏–º–µ—Ä–æ–≤.}
                                                  
You may provide a definition with
\DeclareUnicodeCharacter 


! Package inputenc Error: Unicode character –∑ (U+0437)
(inputenc)                not set up for use with LaTeX.

See the inputenc package documentation for explanation.
Type  H <return>  for immediate help.
 ...                                              
                                                  
l.4 ...¥–ª—è –º–æ–¥–µ–ª—å–Ω—ã—Ö –ø—Ä–∏–º–µ—Ä–æ–≤.}
                                                  
You may provide a definition with
\DeclareUnicodeCharacter 


! Package inputenc Error: Unicode character –æ (U+043E)
(inputenc)                not set up for use with LaTeX.

See the inputenc package documentation for explanation.
Type  H <return>  for immediate help.
 ...                                              
                                                  
l.4 ...¥–ª—è –º–æ–¥–µ–ª—å–Ω—ã—Ö –ø—Ä–∏–º–µ—Ä–æ–≤.}
                                                  
You may provide a definition with
\DeclareUnicodeCharacter 


! Package inputenc Error: Unicode character –≤ (U+0432)
(inputenc)                not set up for use with LaTeX.

See the inputenc package documentation for explanation.
Type  H <return>  for immediate help.
 ...                                              
                                                  
l.4 ...¥–ª—è –º–æ–¥–µ–ª—å–Ω—ã—Ö –ø—Ä–∏–º–µ—Ä–æ–≤.}
                                                  
You may provide a definition with
\DeclareUnicodeCharacter 


! Package inputenc Error: Unicode character –∞ (U+0430)
(inputenc)                not set up for use with LaTeX.

See the inputenc package documentation for explanation.
Type  H <return>  for immediate help.
 ...                                              
                                                  
l.4 ...¥–ª—è –º–æ–¥–µ–ª—å–Ω—ã—Ö –ø—Ä–∏–º–µ—Ä–æ–≤.}
                                                  
You may provide a definition with
\DeclareUnicodeCharacter 


! Package inputenc Error: Unicode character –Ω (U+043D)
(inputenc)                not set up for use with LaTeX.

See the inputenc package documentation for explanation.
Type  H <return>  for immediate help.
 ...                                              
                                                  
l.4 ...¥–ª—è –º–æ–¥–µ–ª—å–Ω—ã—Ö –ø—Ä–∏–º–µ—Ä–æ–≤.}
                                                  
You may provide a definition with
\DeclareUnicodeCharacter 


! Package inputenc Error: Unicode character –Ω (U+043D)
(inputenc)                not set up for use with LaTeX.

See the inputenc package documentation for explanation.
Type  H <return>  for immediate help.
 ...                                              
                                                  
l.4 ...¥–ª—è –º–æ–¥–µ–ª—å–Ω—ã—Ö –ø—Ä–∏–º–µ—Ä–æ–≤.}
                                                  
You may provide a definition with
\DeclareUnicodeCharacter 


! Package inputenc Error: Unicode character –æ (U+043E)
(inputenc)                not set up for use with LaTeX.

See the inputenc package documentation for explanation.
Type  H <return>  for immediate help.
 ...                                              
                                                  
l.4 ...¥–ª—è –º–æ–¥–µ–ª—å–Ω—ã—Ö –ø—Ä–∏–º–µ—Ä–æ–≤.}
                                                  
You may provide a definition with
\DeclareUnicodeCharacter 


! Package inputenc Error: Unicode character –≥ (U+0433)
(inputenc)                not set up for use with LaTeX.

See the inputenc package documentation for explanation.
Type  H <return>  for immediate help.
 ...                                              
                                                  
l.4 ...¥–ª—è –º–æ–¥–µ–ª—å–Ω—ã—Ö –ø—Ä–∏–º–µ—Ä–æ–≤.}
                                                  
You may provide a definition with
\DeclareUnicodeCharacter 


! Package inputenc Error: Unicode character –æ (U+043E)
(inputenc)                not set up for use with LaTeX.

See the inputenc package documentation for explanation.
Type  H <return>  for immediate help.
 ...                                              
                                                  
l.4 ...¥–ª—è –º–æ–¥–µ–ª—å–Ω—ã—Ö –ø—Ä–∏–º–µ—Ä–æ–≤.}
                                                  
You may provide a definition with
\DeclareUnicodeCharacter 


! Package inputenc Error: Unicode character —ç (U+044D)
(inputenc)                not set up for use with LaTeX.

See the inputenc package documentation for explanation.
Type  H <return>  for immediate help.
 ...                                              
                                                  
l.4 ...¥–ª—è –º–æ–¥–µ–ª—å–Ω—ã—Ö –ø—Ä–∏–º–µ—Ä–æ–≤.}
                                                  
You may provide a definition with
\DeclareUnicodeCharacter 


! Package inputenc Error: Unicode character –∫ (U+043A)
(inputenc)                not set up for use with LaTeX.

See the inputenc package documentation for explanation.
Type  H <return>  for immediate help.
 ...                                              
                                                  
l.4 ...¥–ª—è –º–æ–¥–µ–ª—å–Ω—ã—Ö –ø—Ä–∏–º–µ—Ä–æ–≤.}
                                                  
You may provide a definition with
\DeclareUnicodeCharacter 


! Package inputenc Error: Unicode character —Å (U+0441)
(inputenc)                not set up for use with LaTeX.

See the inputenc package documentation for explanation.
Type  H <return>  for immediate help.
 ...                                              
                                                  
l.4 ...¥–ª—è –º–æ–¥–µ–ª—å–Ω—ã—Ö –ø—Ä–∏–º–µ—Ä–æ–≤.}
                                                  
You may provide a definition with
\DeclareUnicodeCharacter 


! Package inputenc Error: Unicode character —Ç (U+0442)
(inputenc)                not set up for use with LaTeX.

See the inputenc package documentation for explanation.
Type  H <return>  for immediate help.
 ...                                              
                                                  
l.4 ...¥–ª—è –º–æ–¥–µ–ª—å–Ω—ã—Ö –ø—Ä–∏–º–µ—Ä–æ–≤.}
                                                  
You may provide a definition with
\DeclareUnicodeCharacter 


! Package inputenc Error: Unicode character —Ä (U+0440)
(inputenc)                not set up for use with LaTeX.

See the inputenc package documentation for explanation.
Type  H <return>  for immediate help.
 ...                                              
                                                  
l.4 ...¥–ª—è –º–æ–¥–µ–ª—å–Ω—ã—Ö –ø—Ä–∏–º–µ—Ä–æ–≤.}
                                                  
You may provide a definition with
\DeclareUnicodeCharacter 


! Package inputenc Error: Unicode character –∞ (U+0430)
(inputenc)                not set up for use with LaTeX.

See the inputenc package documentation for explanation.
Type  H <return>  for immediate help.
 ...                                              
                                                  
l.4 ...¥–ª—è –º–æ–¥–µ–ª—å–Ω—ã—Ö –ø—Ä–∏–º–µ—Ä–æ–≤.}
                                                  
You may provide a definition with
\DeclareUnicodeCharacter 


! Package inputenc Error: Unicode character –≥ (U+0433)
(inputenc)                not set up for use with LaTeX.

See the inputenc package documentation for explanation.
Type  H <return>  for immediate help.
 ...                                              
                                                  
l.4 ...¥–ª—è –º–æ–¥–µ–ª—å–Ω—ã—Ö –ø—Ä–∏–º–µ—Ä–æ–≤.}
                                                  
You may provide a definition with
\DeclareUnicodeCharacter 


! Package inputenc Error: Unicode character —Ä (U+0440)
(inputenc)                not set up for use with LaTeX.

See the inputenc package documentation for explanation.
Type  H <return>  for immediate help.
 ...                                              
                                                  
l.4 ...¥–ª—è –º–æ–¥–µ–ª—å–Ω—ã—Ö –ø—Ä–∏–º–µ—Ä–æ–≤.}
                                                  
You may provide a definition with
\DeclareUnicodeCharacter 


! Package inputenc Error: Unicode character –∞ (U+0430)
(inputenc)                not set up for use with LaTeX.

See the inputenc package documentation for explanation.
Type  H <return>  for immediate help.
 ...                                              
                                                  
l.4 ...¥–ª—è –º–æ–¥–µ–ª—å–Ω—ã—Ö –ø—Ä–∏–º–µ—Ä–æ–≤.}
                                                  
You may provide a definition with
\DeclareUnicodeCharacter 


! Package inputenc Error: Unicode character –¥ (U+0434)
(inputenc)                not set up for use with LaTeX.

See the inputenc package documentation for explanation.
Type  H <return>  for immediate help.
 ...                                              
                                                  
l.4 ...¥–ª—è –º–æ–¥–µ–ª—å–Ω—ã—Ö –ø—Ä–∏–º–µ—Ä–æ–≤.}
                                                  
You may provide a definition with
\DeclareUnicodeCharacter 


! Package inputenc Error: Unicode character –∏ (U+0438)
(inputenc)                not set up for use with LaTeX.

See the inputenc package documentation for explanation.
Type  H <return>  for immediate help.
 ...                                              
                                                  
l.4 ...¥–ª—è –º–æ–¥–µ–ª—å–Ω—ã—Ö –ø—Ä–∏–º–µ—Ä–æ–≤.}
                                                  
You may provide a definition with
\DeclareUnicodeCharacter 


! Package inputenc Error: Unicode character –µ (U+0435)
(inputenc)                not set up for use with LaTeX.

See the inputenc package documentation for explanation.
Type  H <return>  for immediate help.
 ...                                              
                                                  
l.4 ...¥–ª—è –º–æ–¥–µ–ª—å–Ω—ã—Ö –ø—Ä–∏–º–µ—Ä–æ–≤.}
                                                  
You may provide a definition with
\DeclareUnicodeCharacter 


! Package inputenc Error: Unicode character –Ω (U+043D)
(inputenc)                not set up for use with LaTeX.

See the inputenc package documentation for explanation.
Type  H <return>  for immediate help.
 ...                                              
                                                  
l.4 ...¥–ª—è –º–æ–¥–µ–ª—å–Ω—ã—Ö –ø—Ä–∏–º–µ—Ä–æ–≤.}
                                                  
You may provide a definition with
\DeclareUnicodeCharacter 


! Package inputenc Error: Unicode character —Ç (U+0442)
(inputenc)                not set up for use with LaTeX.

See the inputenc package documentation for explanation.
Type  H <return>  for immediate help.
 ...                                              
                                                  
l.4 ...¥–ª—è –º–æ–¥–µ–ª—å–Ω—ã—Ö –ø—Ä–∏–º–µ—Ä–æ–≤.}
                                                  
You may provide a definition with
\DeclareUnicodeCharacter 


! Package inputenc Error: Unicode character –Ω (U+043D)
(inputenc)                not set up for use with LaTeX.

See the inputenc package documentation for explanation.
Type  H <return>  for immediate help.
 ...                                              
                                                  
l.4 ...¥–ª—è –º–æ–¥–µ–ª—å–Ω—ã—Ö –ø—Ä–∏–º–µ—Ä–æ–≤.}
                                                  
You may provide a definition with
\DeclareUnicodeCharacter 


! Package inputenc Error: Unicode character –æ (U+043E)
(inputenc)                not set up for use with LaTeX.

See the inputenc package documentation for explanation.
Type  H <return>  for immediate help.
 ...                                              
                                                  
l.4 ...¥–ª—è –º–æ–¥–µ–ª—å–Ω—ã—Ö –ø—Ä–∏–º–µ—Ä–æ–≤.}
                                                  
You may provide a definition with
\DeclareUnicodeCharacter 


! Package inputenc Error: Unicode character –≥ (U+0433)
(inputenc)                not set up for use with LaTeX.

See the inputenc package documentation for explanation.
Type  H <return>  for immediate help.
 ...                                              
                                                  
l.4 ...¥–ª—è –º–æ–¥–µ–ª—å–Ω—ã—Ö –ø—Ä–∏–º–µ—Ä–æ–≤.}
                                                  
You may provide a definition with
\DeclareUnicodeCharacter 


! Package inputenc Error: Unicode character –æ (U+043E)
(inputenc)                not set up for use with LaTeX.

See the inputenc package documentation for explanation.
Type  H <return>  for immediate help.
 ...                                              
                                                  
l.4 ...¥–ª—è –º–æ–¥–µ–ª—å–Ω—ã—Ö –ø—Ä–∏–º–µ—Ä–æ–≤.}
                                                  
You may provide a definition with
\DeclareUnicodeCharacter 


! Package inputenc Error: Unicode character –º (U+043C)
(inputenc)                not set up for use with LaTeX.

See the inputenc package documentation for explanation.
Type  H <return>  for immediate help.
 ...                                              
                                                  
l.4 ...¥–ª—è –º–æ–¥–µ–ª—å–Ω—ã—Ö –ø—Ä–∏–º–µ—Ä–æ–≤.}
                                                  
You may provide a definition with
\DeclareUnicodeCharacter 


! Package inputenc Error: Unicode character –µ (U+0435)
(inputenc)                not set up for use with LaTeX.

See the inputenc package documentation for explanation.
Type  H <return>  for immediate help.
 ...                                              
                                                  
l.4 ...¥–ª—è –º–æ–¥–µ–ª—å–Ω—ã—Ö –ø—Ä–∏–º–µ—Ä–æ–≤.}
                                                  
You may provide a definition with
\DeclareUnicodeCharacter 


! Package inputenc Error: Unicode character —Ç (U+0442)
(inputenc)                not set up for use with LaTeX.

See the inputenc package documentation for explanation.
Type  H <return>  for immediate help.
 ...                                              
                                                  
l.4 ...¥–ª—è –º–æ–¥–µ–ª—å–Ω—ã—Ö –ø—Ä–∏–º–µ—Ä–æ–≤.}
                                                  
You may provide a definition with
\DeclareUnicodeCharacter 


! Package inputenc Error: Unicode character –æ (U+043E)
(inputenc)                not set up for use with LaTeX.

See the inputenc package documentation for explanation.
Type  H <return>  for immediate help.
 ...                                              
                                                  
l.4 ...¥–ª—è –º–æ–¥–µ–ª—å–Ω—ã—Ö –ø—Ä–∏–º–µ—Ä–æ–≤.}
                                                  
You may provide a definition with
\DeclareUnicodeCharacter 


! Package inputenc Error: Unicode character –¥ (U+0434)
(inputenc)                not set up for use with LaTeX.

See the inputenc package documentation for explanation.
Type  H <return>  for immediate help.
 ...                                              
                                                  
l.4 ...¥–ª—è –º–æ–¥–µ–ª—å–Ω—ã—Ö –ø—Ä–∏–º–µ—Ä–æ–≤.}
                                                  
You may provide a definition with
\DeclareUnicodeCharacter 


! Package inputenc Error: Unicode character –∞ (U+0430)
(inputenc)                not set up for use with LaTeX.

See the inputenc package documentation for explanation.
Type  H <return>  for immediate help.
 ...                                              
                                                  
l.4 ...¥–ª—è –º–æ–¥–µ–ª—å–Ω—ã—Ö –ø—Ä–∏–º–µ—Ä–æ–≤.}
                                                  
You may provide a definition with
\DeclareUnicodeCharacter 


! Package inputenc Error: Unicode character –Ω (U+043D)
(inputenc)                not set up for use with LaTeX.

See the inputenc package documentation for explanation.
Type  H <return>  for immediate help.
 ...                                              
                                                  
l.4 ...¥–ª—è –º–æ–¥–µ–ª—å–Ω—ã—Ö –ø—Ä–∏–º–µ—Ä–æ–≤.}
                                                  
You may provide a definition with
\DeclareUnicodeCharacter 


! Package inputenc Error: Unicode character –∞ (U+0430)
(inputenc)                not set up for use with LaTeX.

See the inputenc package documentation for explanation.
Type  H <return>  for immediate help.
 ...                                              
                                                  
l.4 ...¥–ª—è –º–æ–¥–µ–ª—å–Ω—ã—Ö –ø—Ä–∏–º–µ—Ä–æ–≤.}
                                                  
You may provide a definition with
\DeclareUnicodeCharacter 


! Package inputenc Error: Unicode character –° (U+0421)
(inputenc)                not set up for use with LaTeX.

See the inputenc package documentation for explanation.
Type  H <return>  for immediate help.
 ...                                              
                                                  
l.4 ...¥–ª—è –º–æ–¥–µ–ª—å–Ω—ã—Ö –ø—Ä–∏–º–µ—Ä–æ–≤.}
                                                  
You may provide a definition with
\DeclareUnicodeCharacter 


! Package inputenc Error: Unicode character –∏ (U+0438)
(inputenc)                not set up for use with LaTeX.

See the inputenc package documentation for explanation.
Type  H <return>  for immediate help.
 ...                                              
                                                  
l.4 ...¥–ª—è –º–æ–¥–µ–ª—å–Ω—ã—Ö –ø—Ä–∏–º–µ—Ä–æ–≤.}
                                                  
You may provide a definition with
\DeclareUnicodeCharacter 


! Package inputenc Error: Unicode character –¥ (U+0434)
(inputenc)                not set up for use with LaTeX.

See the inputenc package documentation for explanation.
Type  H <return>  for immediate help.
 ...                                              
                                                  
l.4 ...¥–ª—è –º–æ–¥–µ–ª—å–Ω—ã—Ö –ø—Ä–∏–º–µ—Ä–æ–≤.}
                                                  
You may provide a definition with
\DeclareUnicodeCharacter 


! Package inputenc Error: Unicode character –ª (U+043B)
(inputenc)                not set up for use with LaTeX.

See the inputenc package documentation for explanation.
Type  H <return>  for immediate help.
 ...                                              
                                                  
l.4 ...¥–ª—è –º–æ–¥–µ–ª—å–Ω—ã—Ö –ø—Ä–∏–º–µ—Ä–æ–≤.}
                                                  
You may provide a definition with
\DeclareUnicodeCharacter 


! Package inputenc Error: Unicode character —è (U+044F)
(inputenc)                not set up for use with LaTeX.

See the inputenc package documentation for explanation.
Type  H <return>  for immediate help.
 ...                                              
                                                  
l.4 ...¥–ª—è –º–æ–¥–µ–ª—å–Ω—ã—Ö –ø—Ä–∏–º–µ—Ä–æ–≤.}
                                                  
You may provide a definition with
\DeclareUnicodeCharacter 


! Package inputenc Error: Unicode character –º (U+043C)
(inputenc)                not set up for use with LaTeX.

See the inputenc package documentation for explanation.
Type  H <return>  for immediate help.
 ...                                              
                                                  
l.4 ...¥–ª—è –º–æ–¥–µ–ª—å–Ω—ã—Ö –ø—Ä–∏–º–µ—Ä–æ–≤.}
                                                  
You may provide a definition with
\DeclareUnicodeCharacter 


! Package inputenc Error: Unicode character –æ (U+043E)
(inputenc)                not set up for use with LaTeX.

See the inputenc package documentation for explanation.
Type  H <return>  for immediate help.
 ...                                              
                                                  
l.4 ...¥–ª—è –º–æ–¥–µ–ª—å–Ω—ã—Ö –ø—Ä–∏–º–µ—Ä–æ–≤.}
                                                  
You may provide a definition with
\DeclareUnicodeCharacter 


! Package inputenc Error: Unicode character –¥ (U+0434)
(inputenc)                not set up for use with LaTeX.

See the inputenc package documentation for explanation.
Type  H <return>  for immediate help.
 ...                                              
                                                  
l.4 ...¥–ª—è –º–æ–¥–µ–ª—å–Ω—ã—Ö –ø—Ä–∏–º–µ—Ä–æ–≤.}
                                                  
You may provide a definition with
\DeclareUnicodeCharacter 


! Package inputenc Error: Unicode character –µ (U+0435)
(inputenc)                not set up for use with LaTeX.

See the inputenc package documentation for explanation.
Type  H <return>  for immediate help.
 ...                                              
                                                  
l.4 ...¥–ª—è –º–æ–¥–µ–ª—å–Ω—ã—Ö –ø—Ä–∏–º–µ—Ä–æ–≤.}
                                                  
You may provide a definition with
\DeclareUnicodeCharacter 


! Package inputenc Error: Unicode character –ª (U+043B)
(inputenc)                not set up for use with LaTeX.

See the inputenc package documentation for explanation.
Type  H <return>  for immediate help.
 ...                                              
                                                  
l.4 ...¥–ª—è –º–æ–¥–µ–ª—å–Ω—ã—Ö –ø—Ä–∏–º–µ—Ä–æ–≤.}
                                                  
You may provide a definition with
\DeclareUnicodeCharacter 


! Package inputenc Error: Unicode character —å (U+044C)
(inputenc)                not set up for use with LaTeX.

See the inputenc package documentation for explanation.
Type  H <return>  for immediate help.
 ...                                              
                                                  
l.4 ...¥–ª—è –º–æ–¥–µ–ª—å–Ω—ã—Ö –ø—Ä–∏–º–µ—Ä–æ–≤.}
                                                  
You may provide a definition with
\DeclareUnicodeCharacter 


! Package inputenc Error: Unicode character –Ω (U+043D)
(inputenc)                not set up for use with LaTeX.

See the inputenc package documentation for explanation.
Type  H <return>  for immediate help.
 ...                                              
                                                  
l.4 ...¥–ª—è –º–æ–¥–µ–ª—å–Ω—ã—Ö –ø—Ä–∏–º–µ—Ä–æ–≤.}
                                                  
You may provide a definition with
\DeclareUnicodeCharacter 


! Package inputenc Error: Unicode character —ã (U+044B)
(inputenc)                not set up for use with LaTeX.

See the inputenc package documentation for explanation.
Type  H <return>  for immediate help.
 ...                                              
                                                  
l.4 ...¥–ª—è –º–æ–¥–µ–ª—å–Ω—ã—Ö –ø—Ä–∏–º–µ—Ä–æ–≤.}
                                                  
You may provide a definition with
\DeclareUnicodeCharacter 


! Package inputenc Error: Unicode character —Ö (U+0445)
(inputenc)                not set up for use with LaTeX.

See the inputenc package documentation for explanation.
Type  H <return>  for immediate help.
 ...                                              
                                                  
l.4 ...¥–ª—è –º–æ–¥–µ–ª—å–Ω—ã—Ö –ø—Ä–∏–º–µ—Ä–æ–≤.}
                                                  
You may provide a definition with
\DeclareUnicodeCharacter 


! Package inputenc Error: Unicode character –ø (U+043F)
(inputenc)                not set up for use with LaTeX.

See the inputenc package documentation for explanation.
Type  H <return>  for immediate help.
 ...                                              
                                                  
l.4 ...¥–ª—è –º–æ–¥–µ–ª—å–Ω—ã—Ö –ø—Ä–∏–º–µ—Ä–æ–≤.}
                                                  
You may provide a definition with
\DeclareUnicodeCharacter 


! Package inputenc Error: Unicode character —Ä (U+0440)
(inputenc)                not set up for use with LaTeX.

See the inputenc package documentation for explanation.
Type  H <return>  for immediate help.
 ...                                              
                                                  
l.4 ...¥–ª—è –º–æ–¥–µ–ª—å–Ω—ã—Ö –ø—Ä–∏–º–µ—Ä–æ–≤.}
                                                  
You may provide a definition with
\DeclareUnicodeCharacter 


! Package inputenc Error: Unicode character –∏ (U+0438)
(inputenc)                not set up for use with LaTeX.

See the inputenc package documentation for explanation.
Type  H <return>  for immediate help.
 ...                                              
                                                  
l.4 ...¥–ª—è –º–æ–¥–µ–ª—å–Ω—ã—Ö –ø—Ä–∏–º–µ—Ä–æ–≤.}
                                                  
You may provide a definition with
\DeclareUnicodeCharacter 


! Package inputenc Error: Unicode character –º (U+043C)
(inputenc)                not set up for use with LaTeX.

See the inputenc package documentation for explanation.
Type  H <return>  for immediate help.
 ...                                              
                                                  
l.4 ...¥–ª—è –º–æ–¥–µ–ª—å–Ω—ã—Ö –ø—Ä–∏–º–µ—Ä–æ–≤.}
                                                  
You may provide a definition with
\DeclareUnicodeCharacter 


! Package inputenc Error: Unicode character –µ (U+0435)
(inputenc)                not set up for use with LaTeX.

See the inputenc package documentation for explanation.
Type  H <return>  for immediate help.
 ...                                              
                                                  
l.4 ...¥–ª—è –º–æ–¥–µ–ª—å–Ω—ã—Ö –ø—Ä–∏–º–µ—Ä–æ–≤.}
                                                  
You may provide a definition with
\DeclareUnicodeCharacter 


! Package inputenc Error: Unicode character —Ä (U+0440)
(inputenc)                not set up for use with LaTeX.

See the inputenc package documentation for explanation.
Type  H <return>  for immediate help.
 ...                                              
                                                  
l.4 ...¥–ª—è –º–æ–¥–µ–ª—å–Ω—ã—Ö –ø—Ä–∏–º–µ—Ä–æ–≤.}
                                                  
You may provide a definition with
\DeclareUnicodeCharacter 


! Package inputenc Error: Unicode character –æ (U+043E)
(inputenc)                not set up for use with LaTeX.

See the inputenc package documentation for explanation.
Type  H <return>  for immediate help.
 ...                                              
                                                  
l.4 ...¥–ª—è –º–æ–¥–µ–ª—å–Ω—ã—Ö –ø—Ä–∏–º–µ—Ä–æ–≤.}
                                                  
You may provide a definition with
\DeclareUnicodeCharacter 


! Package inputenc Error: Unicode character –≤ (U+0432)
(inputenc)                not set up for use with LaTeX.

See the inputenc package documentation for explanation.
Type  H <return>  for immediate help.
 ...                                              
                                                  
l.4 ...¥–ª—è –º–æ–¥–µ–ª—å–Ω—ã—Ö –ø—Ä–∏–º–µ—Ä–æ–≤.}
                                                  
You may provide a definition with
\DeclareUnicodeCharacter 


! LaTeX Error: Environment lstlisting undefined.

See the LaTeX manual or LaTeX Companion for explanation.
Type  H <return>  for immediate help.
 ...                                              
                                                  
l.5 \begin{lstlisting}
                      [caption={–†–µ–∞–ª–∏–∑–∞—Ü–∏—è –º–µ—Ç–æ–¥–∞ –Ω–∞ –°–∏++}]

Your command was ignored.
Type  I <command> <return>  to replace it with another command,
or  <return>  to continue without it.

Missing character: There is no [ in font nullfont!
Missing character: There is no c in font nullfont!
Missing character: There is no a in font nullfont!
Missing character: There is no p in font nullfont!
Missing character: There is no t in font nullfont!
Missing character: There is no i in font nullfont!
Missing character: There is no o in font nullfont!
Missing character: There is no n in font nullfont!
Missing character: There is no = in font nullfont!

! Package inputenc Error: Unicode character –† (U+0420)
(inputenc)                not set up for use with LaTeX.

See the inputenc package documentation for explanation.
Type  H <return>  for immediate help.
 ...                                              
                                                  
l.5 \begin{lstlisting}[caption={–†
                                  –µ–∞–ª–∏–∑–∞—Ü–∏—è –º–µ—Ç–æ–¥–∞ –Ω–∞ –°–∏++}]

You may provide a definition with
\DeclareUnicodeCharacter 


! Package inputenc Error: Unicode character –µ (U+0435)
(inputenc)                not set up for use with LaTeX.

See the inputenc package documentation for explanation.
Type  H <return>  for immediate help.
 ...                                              
                                                  
l.5 \begin{lstlisting}[caption={–†–µ
                                    –∞–ª–∏–∑–∞—Ü–∏—è –º–µ—Ç–æ–¥–∞ –Ω–∞ –°–∏++}]

You may provide a definition with
\DeclareUnicodeCharacter 


! Package inputenc Error: Unicode character –∞ (U+0430)
(inputenc)                not set up for use with LaTeX.

See the inputenc package documentation for explanation.
Type  H <return>  for immediate help.
 ...                                              
                                                  
l.5 \begin{lstlisting}[caption={–†–µ–∞
                                      –ª–∏–∑–∞—Ü–∏—è –º–µ—Ç–æ–¥–∞ –Ω–∞ –°–∏++}]

You may provide a definition with
\DeclareUnicodeCharacter 


! Package inputenc Error: Unicode character –ª (U+043B)
(inputenc)                not set up for use with LaTeX.

See the inputenc package documentation for explanation.
Type  H <return>  for immediate help.
 ...                                              
                                                  
l.5 \begin{lstlisting}[caption={–†–µ–∞–ª
                                        –∏–∑–∞—Ü–∏—è –º–µ—Ç–æ–¥–∞ –Ω–∞ –°–∏++}]

You may provide a definition with
\DeclareUnicodeCharacter 


! Package inputenc Error: Unicode character –∏ (U+0438)
(inputenc)                not set up for use with LaTeX.

See the inputenc package documentation for explanation.
Type  H <return>  for immediate help.
 ...                                              
                                                  
l.5 \begin{lstlisting}[caption={–†–µ–∞–ª–∏
                                          –∑–∞—Ü–∏—è –º–µ—Ç–æ–¥–∞ –Ω–∞ –°–∏++}]

You may provide a definition with
\DeclareUnicodeCharacter 


! Package inputenc Error: Unicode character –∑ (U+0437)
(inputenc)                not set up for use with LaTeX.

See the inputenc package documentation for explanation.
Type  H <return>  for immediate help.
 ...                                              
                                                  
l.5 \begin{lstlisting}[caption={–†–µ–∞–ª–∏–∑
                                            –∞—Ü–∏—è –º–µ—Ç–æ–¥–∞ –Ω–∞ –°–∏++}]

You may provide a definition with
\DeclareUnicodeCharacter 


! Package inputenc Error: Unicode character –∞ (U+0430)
(inputenc)                not set up for use with LaTeX.

See the inputenc package documentation for explanation.
Type  H <return>  for immediate help.
 ...                                              
                                                  
l.5 \begin{lstlisting}[caption={–†–µ–∞–ª–∏–∑–∞
                                              —Ü–∏—è –º–µ—Ç–æ–¥–∞ –Ω–∞ –°–∏++}]

You may provide a definition with
\DeclareUnicodeCharacter 


! Package inputenc Error: Unicode character —Ü (U+0446)
(inputenc)                not set up for use with LaTeX.

See the inputenc package documentation for explanation.
Type  H <return>  for immediate help.
 ...                                              
                                                  
l.5 \begin{lstlisting}[caption={–†–µ–∞–ª–∏–∑–∞—Ü
                                                –∏—è –º–µ—Ç–æ–¥–∞ –Ω–∞ –°–∏++}]

You may provide a definition with
\DeclareUnicodeCharacter 


! Package inputenc Error: Unicode character –∏ (U+0438)
(inputenc)                not set up for use with LaTeX.

See the inputenc package documentation for explanation.
Type  H <return>  for immediate help.
 ...                                              
                                                  
l.5 \begin{lstlisting}[caption={–†–µ–∞–ª–∏–∑–∞—Ü–∏
                                                  —è –º–µ—Ç–æ–¥–∞ –Ω–∞ –°–∏++}]

You may provide a definition with
\DeclareUnicodeCharacter 


! Package inputenc Error: Unicode character —è (U+044F)
(inputenc)                not set up for use with LaTeX.

See the inputenc package documentation for explanation.
Type  H <return>  for immediate help.
 ...                                              
                                                  
l.5 ...n{lstlisting}[caption={–†–µ–∞–ª–∏–∑–∞—Ü–∏—è
                                                   –º–µ—Ç–æ–¥–∞ –Ω–∞ –°–∏++}]
You may provide a definition with
\DeclareUnicodeCharacter 


! Package inputenc Error: Unicode character –º (U+043C)
(inputenc)                not set up for use with LaTeX.

See the inputenc package documentation for explanation.
Type  H <return>  for immediate help.
 ...                                              
                                                  
l.5 ...stlisting}[caption={–†–µ–∞–ª–∏–∑–∞—Ü–∏—è –º
                                                  –µ—Ç–æ–¥–∞ –Ω–∞ –°–∏++}]
(That makes 100 errors; please try again.) 
Here is how much of TeX's memory you used:
 36 strings out of 492623
 518 string characters out of 6133290
 61239 words of memory out of 5000000
 4047 multiletter control sequences out of 15000+600000
 3948 words of font info for 15 fonts, out of 8000000 for 9000
 1141 hyphenation exceptions out of 8191
 13i,1n,12p,214b,95s stack positions out of 5000i,500n,10000p,200000b,80000s

!  ==> Fatal error occurred, no output PDF file produced!
